<?xml version="1.0" encoding="UTF-8"?>
<testng-results skipped="0" failed="0" ignored="0" total="1" passed="1">
  <reporter-output>
  </reporter-output>
  <suite name="Default suite" duration-ms="8834" started-at="2022-10-28T15:46:55Z" finished-at="2022-10-28T15:47:04Z">
    <groups>
    </groups>
    <test name="Default test" duration-ms="8834" started-at="2022-10-28T15:46:55Z" finished-at="2022-10-28T15:47:04Z">
      <class name="test.AddContactTest">
        <test-method status="PASS" signature="validUserShouldBeAbleToLogin()[pri:0, instance:test.AddContactTest@2177849e]" name="validUserShouldBeAbleToLogin" duration-ms="8800" started-at="2022-10-28T15:46:55Z" finished-at="2022-10-28T15:47:04Z">
          <reporter-output>
          </reporter-output>
        </test-method> <!-- validUserShouldBeAbleToLogin -->
      </class> <!-- test.AddContactTest -->
    </test> <!-- Default test -->
  </suite> <!-- Default suite -->
</testng-results>
